01:04:507.507 INFO  testcases.MainPageTest -Loading and initializing properties file ....
01:04:219.219 INFO  testcases.MainPageTest -Extent Report has been Loaded...
01:04:208.208 INFO  testcases.MainPageTest -Loading and initializing driver for MainPageTest Class ....
01:04:408.408 INFO  testcases.MainPageTest -Browser Closed successfully
01:04:253.253 INFO  testcases.MainPageTest -Loading and initializing driver for MainPageTest Class ....
01:04:53.053 INFO  testcases.MainPageTest -Browser Closed successfully
01:04:996.996 INFO  testcases.MainPageTest -Loading and initializing driver for MainPageTest Class ....
01:04:368.368 INFO  testcases.MainPageTest -Browser Closed successfully
01:04:376.376 INFO  testcases.LoginPageTest -Extent Report has been Loaded...
01:04:126.126 INFO  testcases.LoginPageTest -Loading and initializing driver for LoginPageTest Class ....
01:04:467.467 INFO  testcases.LoginPageTest -Browser closed Successfully
01:04:298.298 INFO  testcases.LoginPageTest -Loading and initializing driver for LoginPageTest Class ....
01:04:856.856 INFO  testcases.LoginPageTest -Browser closed Successfully
01:04:862.862 INFO  testcases.HomeAccountPageTest -Extent Report has been Loaded...
01:04:326.326 INFO  testcases.HomeAccountPageTest -Loading and initializing driver for HomeAccountPageTest Class ....
01:04:266.266 INFO  testcases.HomeAccountPageTest -Browser Closed Successfully
01:04:311.311 INFO  testcases.MainPageTest -Loading and initializing properties file ....
01:04:425.425 INFO  testcases.MainPageTest -Extent Report has been Loaded...
01:04:493.493 INFO  testcases.MainPageTest -Loading and initializing driver for MainPageTest Class ....
01:04:134.134 INFO  testcases.MainPageTest -Browser Closed successfully
01:04:115.115 INFO  testcases.MainPageTest -Loading and initializing driver for MainPageTest Class ....
01:04:464.464 INFO  testcases.MainPageTest -Browser Closed successfully
01:04:453.453 INFO  testcases.MainPageTest -Loading and initializing driver for MainPageTest Class ....
01:04:781.781 INFO  testcases.MainPageTest -Browser Closed successfully
01:04:794.794 INFO  testcases.LoginPageTest -Extent Report has been Loaded...
01:04:954.954 INFO  testcases.LoginPageTest -Loading and initializing driver for LoginPageTest Class ....
01:04:73.073 INFO  testcases.LoginPageTest -Browser closed Successfully
01:04:685.685 INFO  testcases.LoginPageTest -Loading and initializing driver for LoginPageTest Class ....
01:04:455.455 INFO  testcases.LoginPageTest -Browser closed Successfully
01:04:464.464 INFO  testcases.HomeAccountPageTest -Extent Report has been Loaded...
01:04:770.770 INFO  testcases.HomeAccountPageTest -Loading and initializing driver for HomeAccountPageTest Class ....
01:04:383.383 INFO  testcases.HomeAccountPageTest -Browser Closed Successfully
09:04:77.077 INFO  testcases.MainPageTest -Loading and initializing properties file ....
09:04:905.905 INFO  testcases.MainPageTest -Extent Report has been Loaded...
09:04:94.094 INFO  testcases.MainPageTest -Loading and initializing driver for MainPageTest Class ....
09:04:776.776 INFO  testcases.MainPageTest -Browser Closed successfully
09:04:970.970 INFO  testcases.MainPageTest -Loading and initializing driver for MainPageTest Class ....
09:04:612.612 INFO  testcases.MainPageTest -Browser Closed successfully
09:04:550.550 INFO  testcases.MainPageTest -Loading and initializing driver for MainPageTest Class ....
09:04:353.353 INFO  testcases.MainPageTest -Browser Closed successfully
10:04:866.866 INFO  testcases.MainPageTest -Loading and initializing properties file ....
10:04:262.262 INFO  testcases.MainPageTest -Extent Report has been Loaded...
10:04:51.051 INFO  testcases.MainPageTest -Loading and initializing driver for MainPageTest Class ....
10:04:587.587 INFO  testcases.MainPageTest -Browser Closed successfully
10:04:541.541 INFO  testcases.MainPageTest -Loading and initializing driver for MainPageTest Class ....
10:04:763.763 INFO  testcases.MainPageTest -Browser Closed successfully
10:04:574.574 INFO  testcases.MainPageTest -Loading and initializing driver for MainPageTest Class ....
10:04:761.761 INFO  testcases.MainPageTest -Browser Closed successfully
10:04:767.767 INFO  testcases.LoginPageTest -Extent Report has been Loaded...
10:04:27.027 INFO  testcases.LoginPageTest -Loading and initializing driver for LoginPageTest Class ....
10:04:581.581 INFO  testcases.LoginPageTest -Browser closed Successfully
10:04:946.946 INFO  testcases.LoginPageTest -Loading and initializing driver for LoginPageTest Class ....
10:04:49.049 INFO  testcases.LoginPageTest -Browser closed Successfully
10:04:61.061 INFO  testcases.HomeAccountPageTest -Extent Report has been Loaded...
10:04:100.100 INFO  testcases.HomeAccountPageTest -Loading and initializing driver for HomeAccountPageTest Class ....
10:04:849.849 INFO  testcases.HomeAccountPageTest -Browser Closed Successfully
10:04:362.362 INFO  testcases.MainPageTest -Loading and initializing properties file ....
10:04:568.568 INFO  testcases.MainPageTest -Extent Report has been Loaded...
10:04:682.682 INFO  testcases.MainPageTest -Loading and initializing driver for MainPageTest Class ....
10:04:351.351 INFO  testcases.MainPageTest -Browser Closed successfully
10:04:413.413 INFO  testcases.MainPageTest -Loading and initializing driver for MainPageTest Class ....
10:04:03.003 INFO  testcases.MainPageTest -Browser Closed successfully
10:04:975.975 INFO  testcases.MainPageTest -Loading and initializing driver for MainPageTest Class ....
10:04:960.960 INFO  testcases.MainPageTest -Browser Closed successfully
10:04:963.963 INFO  testcases.LoginPageTest -Extent Report has been Loaded...
10:04:273.273 INFO  testcases.LoginPageTest -Loading and initializing driver for LoginPageTest Class ....
10:04:146.146 INFO  testcases.LoginPageTest -Browser closed Successfully
10:04:598.598 INFO  testcases.LoginPageTest -Loading and initializing driver for LoginPageTest Class ....
10:04:816.816 INFO  testcases.LoginPageTest -Browser closed Successfully
10:04:818.818 INFO  testcases.HomeAccountPageTest -Extent Report has been Loaded...
10:04:773.773 INFO  testcases.HomeAccountPageTest -Loading and initializing driver for HomeAccountPageTest Class ....
10:04:868.868 INFO  testcases.HomeAccountPageTest -Browser Closed Successfully
10:04:242.242 INFO  testcases.MainPageTest -Loading and initializing properties file ....
10:04:615.615 INFO  testcases.MainPageTest -Extent Report has been Loaded...
10:04:523.523 INFO  testcases.MainPageTest -Loading and initializing driver for MainPageTest Class ....
10:04:679.679 INFO  testcases.MainPageTest -Browser Closed successfully
10:04:444.444 INFO  testcases.MainPageTest -Loading and initializing driver for MainPageTest Class ....
10:04:678.678 INFO  testcases.MainPageTest -Browser Closed successfully
10:04:979.979 INFO  testcases.MainPageTest -Loading and initializing driver for MainPageTest Class ....
10:04:111.111 INFO  testcases.MainPageTest -Browser Closed successfully
10:04:115.115 INFO  testcases.LoginPageTest -Extent Report has been Loaded...
10:04:715.715 INFO  testcases.LoginPageTest -Loading and initializing driver for LoginPageTest Class ....
10:04:299.299 INFO  testcases.LoginPageTest -Browser closed Successfully
10:04:36.036 INFO  testcases.LoginPageTest -Loading and initializing driver for LoginPageTest Class ....
10:04:858.858 INFO  testcases.LoginPageTest -Browser closed Successfully
10:04:859.859 INFO  testcases.HomeAccountPageTest -Extent Report has been Loaded...
10:04:729.729 INFO  testcases.HomeAccountPageTest -Loading and initializing driver for HomeAccountPageTest Class ....
10:04:321.321 INFO  testcases.HomeAccountPageTest -Browser Closed Successfully
10:04:838.838 INFO  testcases.MainPageTest -Loading and initializing properties file ....
10:04:961.961 INFO  testcases.MainPageTest -Extent Report has been Loaded...
10:04:803.803 INFO  testcases.MainPageTest -Loading and initializing driver for MainPageTest Class ....
10:04:387.387 INFO  testcases.MainPageTest -Browser Closed successfully
10:04:49.049 INFO  testcases.MainPageTest -Loading and initializing driver for MainPageTest Class ....
10:04:336.336 INFO  testcases.MainPageTest -Browser Closed successfully
10:04:698.698 INFO  testcases.MainPageTest -Loading and initializing driver for MainPageTest Class ....
10:04:887.887 INFO  testcases.MainPageTest -Browser Closed successfully
10:04:889.889 INFO  testcases.LoginPageTest -Extent Report has been Loaded...
10:04:425.425 INFO  testcases.LoginPageTest -Loading and initializing driver for LoginPageTest Class ....
10:04:488.488 INFO  testcases.LoginPageTest -Browser closed Successfully
10:04:385.385 INFO  testcases.LoginPageTest -Loading and initializing driver for LoginPageTest Class ....
10:04:486.486 INFO  testcases.LoginPageTest -Browser closed Successfully
10:04:487.487 INFO  testcases.HomeAccountPageTest -Extent Report has been Loaded...
10:04:47.047 INFO  testcases.HomeAccountPageTest -Loading and initializing driver for HomeAccountPageTest Class ....
10:04:919.919 INFO  testcases.HomeAccountPageTest -Browser Closed Successfully
16:04:285.285 INFO  testcases.CreateNewAccountPageTest -Loading and initializing properties file ....
16:04:712.712 INFO  testcases.CreateNewAccountPageTest -Extent Report has been Loaded...
17:04:119.119 INFO  testcases.CreateNewAccountPageTest -Loading and initializing properties file ....
17:04:529.529 INFO  testcases.CreateNewAccountPageTest -Extent Report has been Loaded...
17:04:228.228 INFO  testcases.CreateNewAccountPageTest -Browser Closed successfully
17:04:975.975 INFO  testcases.CreateNewAccountPageTest -Loading and initializing properties file ....
17:04:96.096 INFO  testcases.CreateNewAccountPageTest -Extent Report has been Loaded...
17:04:632.632 INFO  testcases.CreateNewAccountPageTest -Browser Closed successfully
17:04:755.755 INFO  testcases.CreateNewAccountPageTest -Loading and initializing properties file ....
17:04:875.875 INFO  testcases.CreateNewAccountPageTest -Extent Report has been Loaded...
17:04:586.586 INFO  testcases.CreateNewAccountPageTest -Browser Closed successfully
