00:04:748.748 INFO  testcases.MainPageTest -Loading and initializing properties file ....
00:04:110.110 INFO  testcases.MainPageTest -Extent Report has been Loaded...
00:04:880.880 INFO  testcases.MainPageTest -Loading and initializing properties file ....
00:04:993.993 INFO  testcases.MainPageTest -Extent Report has been Loaded...
16:04:795.795 INFO  testcases.MainPageTest -Loading and initializing properties file ....
16:04:257.257 INFO  testcases.HomeAccountPageTest -Extent Report has been Loaded...
16:04:261.261 INFO  testcases.LoginPageTest -Extent Report has been Loaded...
16:04:263.263 INFO  testcases.MainPageTest -Extent Report has been Loaded...
16:04:159.159 INFO  testcases.LoginPageTest -Loading and initializing driver for LoginPageTest Class ....
16:04:393.393 INFO  testcases.LoginPageTest -Browser closed Successfully
16:04:736.736 INFO  testcases.LoginPageTest -Loading and initializing driver for LoginPageTest Class ....
16:04:715.715 INFO  testcases.LoginPageTest -Browser closed Successfully
16:04:573.573 INFO  testcases.HomeAccountPageTest -Loading and initializing driver for HomeAccountPageTest Class ....
16:04:891.891 INFO  testcases.HomeAccountPageTest -Browser Closed Successfully
16:04:883.883 INFO  testcases.HomeAccountPageTest -Extent Report has been Loaded...
16:04:909.909 INFO  testcases.HomeAccountPageTest -Loading and initializing driver for HomeAccountPageTest Class ....
16:04:556.556 INFO  testcases.HomeAccountPageTest -Browser Closed Successfully
16:04:256.256 INFO  testcases.LoginPageTest -Extent Report has been Loaded...
16:04:632.632 INFO  testcases.LoginPageTest -Loading and initializing driver for LoginPageTest Class ....
16:04:604.604 INFO  testcases.LoginPageTest -Browser closed Successfully
16:04:989.989 INFO  testcases.LoginPageTest -Loading and initializing driver for LoginPageTest Class ....
16:04:371.371 INFO  testcases.LoginPageTest -Browser closed Successfully
16:04:760.760 INFO  testcases.MainPageTest -Loading and initializing properties file ....
16:04:871.871 INFO  testcases.MainPageTest -Extent Report has been Loaded...
16:04:241.241 INFO  testcases.MainPageTest -Loading and initializing driver for MainPageTest Class ....
16:04:369.369 INFO  testcases.MainPageTest -Browser Closed successfully
16:04:612.612 INFO  testcases.MainPageTest -Loading and initializing driver for MainPageTest Class ....
16:04:856.856 INFO  testcases.MainPageTest -Browser Closed successfully
16:04:809.809 INFO  testcases.MainPageTest -Loading and initializing driver for MainPageTest Class ....
16:04:530.530 INFO  testcases.MainPageTest -Browser Closed successfully
17:04:264.264 INFO  testcases.MainPageTest -Loading and initializing properties file ....
17:04:432.432 INFO  testcases.MainPageTest -Extent Report has been Loaded...
17:04:623.623 INFO  testcases.MainPageTest -Loading and initializing driver for MainPageTest Class ....
17:04:262.262 INFO  testcases.MainPageTest -Browser Closed successfully
17:04:461.461 INFO  testcases.MainPageTest -Loading and initializing driver for MainPageTest Class ....
17:04:28.028 INFO  testcases.MainPageTest -Browser Closed successfully
17:04:501.501 INFO  testcases.MainPageTest -Loading and initializing driver for MainPageTest Class ....
17:04:601.601 INFO  testcases.MainPageTest -Browser Closed successfully
20:04:986.986 INFO  testcases.MainPageTest -Loading and initializing properties file ....
20:04:272.272 INFO  testcases.MainPageTest -Extent Report has been Loaded...
20:04:152.152 INFO  testcases.MainPageTest -Loading and initializing driver for MainPageTest Class ....
20:04:138.138 INFO  testcases.MainPageTest -Loading and initializing properties file ....
20:04:246.246 INFO  testcases.MainPageTest -Extent Report has been Loaded...
20:04:450.450 INFO  testcases.MainPageTest -Loading and initializing driver for MainPageTest Class ....
20:04:639.639 INFO  testcases.MainPageTest -Browser Closed successfully
20:04:912.912 INFO  testcases.MainPageTest -Loading and initializing driver for MainPageTest Class ....
20:04:28.028 INFO  testcases.MainPageTest -Browser Closed successfully
20:04:554.554 INFO  testcases.MainPageTest -Loading and initializing driver for MainPageTest Class ....
20:04:777.777 INFO  testcases.MainPageTest -Browser Closed successfully
20:04:260.260 INFO  testcases.MainPageTest -Loading and initializing properties file ....
20:04:383.383 INFO  testcases.MainPageTest -Extent Report has been Loaded...
20:04:835.835 INFO  testcases.MainPageTest -Loading and initializing driver for MainPageTest Class ....
20:04:378.378 INFO  testcases.MainPageTest -Browser Closed successfully
20:04:288.288 INFO  testcases.MainPageTest -Loading and initializing driver for MainPageTest Class ....
20:04:463.463 INFO  testcases.MainPageTest -Browser Closed successfully
20:04:269.269 INFO  testcases.MainPageTest -Loading and initializing driver for MainPageTest Class ....
20:04:251.251 INFO  testcases.MainPageTest -Browser Closed successfully
20:04:260.260 INFO  testcases.LoginPageTest -Extent Report has been Loaded...
20:04:167.167 INFO  testcases.LoginPageTest -Loading and initializing driver for LoginPageTest Class ....
20:04:313.313 INFO  testcases.LoginPageTest -Browser closed Successfully
20:04:965.965 INFO  testcases.LoginPageTest -Loading and initializing driver for LoginPageTest Class ....
20:04:695.695 INFO  testcases.LoginPageTest -Browser closed Successfully
20:04:704.704 INFO  testcases.HomeAccountPageTest -Extent Report has been Loaded...
20:04:217.217 INFO  testcases.HomeAccountPageTest -Loading and initializing driver for HomeAccountPageTest Class ....
20:04:322.322 INFO  testcases.HomeAccountPageTest -Browser Closed Successfully
20:04:557.557 INFO  testcases.MainPageTest -Flushed the Extent Report instance
20:04:155.155 INFO  testcases.MainPageTest -Loading and initializing properties file ....
20:04:277.277 INFO  testcases.MainPageTest -Extent Report has been Loaded...
20:04:108.108 INFO  testcases.MainPageTest -Loading and initializing driver for MainPageTest Class ....
20:04:911.911 INFO  testcases.MainPageTest -Browser Closed successfully
20:04:811.811 INFO  testcases.MainPageTest -Loading and initializing driver for MainPageTest Class ....
20:04:116.116 INFO  testcases.MainPageTest -Browser Closed successfully
20:04:587.587 INFO  testcases.MainPageTest -Loading and initializing driver for MainPageTest Class ....
20:04:614.614 INFO  testcases.MainPageTest -Browser Closed successfully
20:04:628.628 INFO  testcases.LoginPageTest -Extent Report has been Loaded...
20:04:507.507 INFO  testcases.LoginPageTest -Loading and initializing driver for LoginPageTest Class ....
20:04:26.026 INFO  testcases.LoginPageTest -Browser closed Successfully
20:04:254.254 INFO  testcases.LoginPageTest -Loading and initializing driver for LoginPageTest Class ....
20:04:896.896 INFO  testcases.LoginPageTest -Browser closed Successfully
20:04:900.900 INFO  testcases.HomeAccountPageTest -Extent Report has been Loaded...
20:04:851.851 INFO  testcases.HomeAccountPageTest -Loading and initializing driver for HomeAccountPageTest Class ....
20:04:322.322 INFO  testcases.HomeAccountPageTest -Browser Closed Successfully
20:04:870.870 INFO  testcases.MainPageTest -Loading and initializing properties file ....
20:04:994.994 INFO  testcases.MainPageTest -Extent Report has been Loaded...
20:04:661.661 INFO  testcases.MainPageTest -Loading and initializing driver for MainPageTest Class ....
20:04:509.509 INFO  testcases.MainPageTest -Browser Closed successfully
20:04:51.051 INFO  testcases.MainPageTest -Loading and initializing driver for MainPageTest Class ....
20:04:393.393 INFO  testcases.MainPageTest -Browser Closed successfully
20:04:642.642 INFO  testcases.MainPageTest -Loading and initializing driver for MainPageTest Class ....
20:04:720.720 INFO  testcases.MainPageTest -Browser Closed successfully
20:04:726.726 INFO  testcases.LoginPageTest -Extent Report has been Loaded...
20:04:643.643 INFO  testcases.LoginPageTest -Loading and initializing driver for LoginPageTest Class ....
20:04:562.562 INFO  testcases.LoginPageTest -Browser closed Successfully
20:04:305.305 INFO  testcases.LoginPageTest -Loading and initializing driver for LoginPageTest Class ....
20:04:108.108 INFO  testcases.LoginPageTest -Browser closed Successfully
20:04:115.115 INFO  testcases.HomeAccountPageTest -Extent Report has been Loaded...
20:04:757.757 INFO  testcases.HomeAccountPageTest -Loading and initializing driver for HomeAccountPageTest Class ....
20:04:449.449 INFO  testcases.HomeAccountPageTest -Browser Closed Successfully
