01:04:458.458 INFO  testcases.CreateNewAccountPageTest -Loading and initializing properties file ....
01:04:346.346 INFO  testcases.CreateNewAccountPageTest -Extent Report has been Loaded...
01:04:73.073 INFO  testcases.CreateNewAccountPageTest -Browser Closed successfully
01:04:855.855 INFO  testcases.CreateNewAccountPageTest -Loading and initializing properties file ....
01:04:972.972 INFO  testcases.CreateNewAccountPageTest -Extent Report has been Loaded...
01:04:18.018 INFO  testcases.CreateNewAccountPageTest -Browser Closed successfully
01:04:942.942 INFO  testcases.CreateNewAccountPageTest -Loading and initializing properties file ....
01:04:505.505 INFO  testcases.CreateNewAccountPageTest -Extent Report has been Loaded...
01:04:292.292 INFO  testcases.CreateNewAccountPageTest -Browser Closed successfully
01:04:442.442 INFO  testcases.CreateNewAccountPageTest -Loading and initializing properties file ....
01:04:740.740 INFO  testcases.CreateNewAccountPageTest -Extent Report has been Loaded...
01:04:290.290 INFO  testcases.CreateNewAccountPageTest -Browser Closed successfully
01:04:87.087 INFO  testcases.MainPageTest -Loading and initializing properties file ....
01:04:340.340 INFO  testcases.MainPageTest -Extent Report has been Loaded...
01:04:359.359 INFO  testcases.MainPageTest -Loading and initializing driver for MainPageTest Class ....
01:04:386.386 INFO  testcases.MainPageTest -Browser Closed successfully
01:04:536.536 INFO  testcases.MainPageTest -Loading and initializing driver for MainPageTest Class ....
01:04:240.240 INFO  testcases.MainPageTest -Browser Closed successfully
01:04:174.174 INFO  testcases.MainPageTest -Loading and initializing driver for MainPageTest Class ....
01:04:905.905 INFO  testcases.MainPageTest -Browser Closed successfully
01:04:906.906 INFO  testcases.LoginPageTest -Extent Report has been Loaded...
01:04:273.273 INFO  testcases.LoginPageTest -Loading and initializing driver for LoginPageTest Class ....
01:04:543.543 INFO  testcases.LoginPageTest -Browser closed Successfully
01:04:929.929 INFO  testcases.LoginPageTest -Loading and initializing driver for LoginPageTest Class ....
01:04:598.598 INFO  testcases.LoginPageTest -Browser closed Successfully
01:04:599.599 INFO  testcases.HomeAccountPageTest -Extent Report has been Loaded...
01:04:93.093 INFO  testcases.HomeAccountPageTest -Loading and initializing driver for HomeAccountPageTest Class ....
01:04:283.283 INFO  testcases.HomeAccountPageTest -Browser Closed Successfully
01:04:181.181 INFO  testcases.MainPageTest -Loading and initializing properties file ....
01:04:318.318 INFO  testcases.MainPageTest -Extent Report has been Loaded...
01:04:213.213 INFO  testcases.MainPageTest -Loading and initializing driver for MainPageTest Class ....
01:04:813.813 INFO  testcases.MainPageTest -Browser Closed successfully
01:04:133.133 INFO  testcases.MainPageTest -Loading and initializing driver for MainPageTest Class ....
01:04:117.117 INFO  testcases.MainPageTest -Browser Closed successfully
01:04:617.617 INFO  testcases.MainPageTest -Loading and initializing driver for MainPageTest Class ....
01:04:741.741 INFO  testcases.MainPageTest -Browser Closed successfully
01:04:743.743 INFO  testcases.LoginPageTest -Extent Report has been Loaded...
01:04:313.313 INFO  testcases.LoginPageTest -Loading and initializing driver for LoginPageTest Class ....
01:04:920.920 INFO  testcases.LoginPageTest -Browser closed Successfully
01:04:583.583 INFO  testcases.LoginPageTest -Loading and initializing driver for LoginPageTest Class ....
01:04:474.474 INFO  testcases.LoginPageTest -Browser closed Successfully
01:04:476.476 INFO  testcases.HomeAccountPageTest -Extent Report has been Loaded...
01:04:656.656 INFO  testcases.HomeAccountPageTest -Loading and initializing driver for HomeAccountPageTest Class ....
01:04:356.356 INFO  testcases.HomeAccountPageTest -Browser Closed Successfully
01:04:346.346 INFO  testcases.MainPageTest -Loading and initializing properties file ....
01:04:389.389 INFO  testcases.CreateNewAccountPageTest -Loading and initializing properties file ....
01:04:645.645 INFO  testcases.MainPageTest -Extent Report has been Loaded...
01:04:121.121 INFO  testcases.MainPageTest -Loading and initializing driver for MainPageTest Class ....
01:04:480.480 INFO  testcases.MainPageTest -Browser Closed successfully
01:04:08.008 INFO  testcases.MainPageTest -Loading and initializing driver for MainPageTest Class ....
01:04:266.266 INFO  testcases.MainPageTest -Browser Closed successfully
01:04:294.294 INFO  testcases.MainPageTest -Loading and initializing driver for MainPageTest Class ....
01:04:582.582 INFO  testcases.MainPageTest -Browser Closed successfully
01:04:584.584 INFO  testcases.LoginPageTest -Extent Report has been Loaded...
01:04:870.870 INFO  testcases.LoginPageTest -Loading and initializing driver for LoginPageTest Class ....
01:04:138.138 INFO  testcases.LoginPageTest -Browser closed Successfully
01:04:27.027 INFO  testcases.LoginPageTest -Loading and initializing driver for LoginPageTest Class ....
01:04:258.258 INFO  testcases.LoginPageTest -Browser closed Successfully
01:04:259.259 INFO  testcases.HomeAccountPageTest -Extent Report has been Loaded...
01:04:817.817 INFO  testcases.HomeAccountPageTest -Loading and initializing driver for HomeAccountPageTest Class ....
01:04:793.793 INFO  testcases.HomeAccountPageTest -Browser Closed Successfully
01:04:794.794 INFO  testcases.CreateNewAccountPageTest -Extent Report has been Loaded...
01:04:299.299 INFO  testcases.CreateNewAccountPageTest -Browser Closed successfully
18:04:360.360 INFO  testcases.MainPageTest -Loading and initializing properties file ....
18:04:841.841 INFO  testcases.MainPageTest -Extent Report has been Loaded...
18:04:469.469 INFO  testcases.MainPageTest -Loading and initializing driver for MainPageTest Class ....
18:04:719.719 INFO  testcases.MainPageTest -Browser Closed successfully
18:04:663.663 INFO  testcases.MainPageTest -Loading and initializing driver for MainPageTest Class ....
18:04:615.615 INFO  testcases.MainPageTest -Browser Closed successfully
18:04:411.411 INFO  testcases.MainPageTest -Loading and initializing driver for MainPageTest Class ....
18:04:864.864 INFO  testcases.MainPageTest -Browser Closed successfully
18:04:496.496 INFO  testcases.MainPageTest -Loading and initializing properties file ....
18:04:530.530 INFO  testcases.CreateNewAccountPageTest -Loading and initializing properties file ....
18:04:639.639 INFO  testcases.MainPageTest -Extent Report has been Loaded...
18:04:438.438 INFO  testcases.MainPageTest -Loading and initializing driver for MainPageTest Class ....
18:04:304.304 INFO  testcases.MainPageTest -Browser Closed successfully
18:04:849.849 INFO  testcases.MainPageTest -Loading and initializing driver for MainPageTest Class ....
18:04:972.972 INFO  testcases.MainPageTest -Browser Closed successfully
18:04:436.436 INFO  testcases.MainPageTest -Loading and initializing driver for MainPageTest Class ....
18:04:399.399 INFO  testcases.MainPageTest -Browser Closed successfully
18:04:403.403 INFO  testcases.LoginPageTest -Extent Report has been Loaded...
18:04:946.946 INFO  testcases.LoginPageTest -Loading and initializing driver for LoginPageTest Class ....
18:04:744.744 INFO  testcases.LoginPageTest -Browser closed Successfully
18:04:289.289 INFO  testcases.LoginPageTest -Loading and initializing driver for LoginPageTest Class ....
18:04:415.415 INFO  testcases.LoginPageTest -Browser closed Successfully
18:04:417.417 INFO  testcases.HomeAccountPageTest -Extent Report has been Loaded...
18:04:360.360 INFO  testcases.HomeAccountPageTest -Loading and initializing driver for HomeAccountPageTest Class ....
18:04:553.553 INFO  testcases.CreateNewAccountPageTest -Extent Report has been Loaded...
18:04:463.463 INFO  testcases.CreateNewAccountPageTest -Browser Closed successfully
22:04:262.262 INFO  testcases.MainPageTest -Loading and initializing properties file ....
22:04:310.310 INFO  testcases.CreateNewAccountPageTest -Loading and initializing properties file ....
22:04:849.849 INFO  testcases.MainPageTest -Extent Report has been Loaded...
22:04:181.181 INFO  testcases.MainPageTest -Loading and initializing driver for MainPageTest Class ....
22:04:918.918 INFO  testcases.MainPageTest -Browser Closed successfully
22:04:102.102 INFO  testcases.LoginPageTest -Extent Report has been Loaded...
22:04:572.572 INFO  testcases.HomeAccountPageTest -Extent Report has been Loaded...
22:04:22.022 INFO  testcases.CreateNewAccountPageTest -Extent Report has been Loaded...
23:04:894.894 INFO  testcases.MainPageTest -Loading and initializing properties file ....
23:04:951.951 INFO  testcases.CreateNewAccountPageTest -Loading and initializing properties file ....
23:04:377.377 INFO  testcases.MainPageTest -Extent Report has been Loaded...
23:04:262.262 INFO  testcases.MainPageTest -Loading and initializing driver for MainPageTest Class ....
23:04:399.399 INFO  testcases.MainPageTest -Browser Closed successfully
23:04:919.919 INFO  testcases.MainPageTest -Loading and initializing driver for MainPageTest Class ....
23:04:177.177 INFO  testcases.MainPageTest -Browser Closed successfully
23:04:755.755 INFO  testcases.MainPageTest -Loading and initializing driver for MainPageTest Class ....
23:04:405.405 INFO  testcases.MainPageTest -Browser Closed successfully
23:04:409.409 INFO  testcases.LoginPageTest -Extent Report has been Loaded...
23:04:616.616 INFO  testcases.LoginPageTest -Loading and initializing driver for LoginPageTest Class ....
23:04:411.411 INFO  testcases.LoginPageTest -Browser closed Successfully
23:04:27.027 INFO  testcases.LoginPageTest -Loading and initializing driver for LoginPageTest Class ....
23:04:415.415 INFO  testcases.LoginPageTest -Browser closed Successfully
23:04:416.416 INFO  testcases.HomeAccountPageTest -Extent Report has been Loaded...
23:04:109.109 INFO  testcases.HomeAccountPageTest -Loading and initializing driver for HomeAccountPageTest Class ....
23:04:539.539 INFO  testcases.HomeAccountPageTest -Browser Closed Successfully
23:04:540.540 INFO  testcases.CreateNewAccountPageTest -Extent Report has been Loaded...
23:04:83.083 INFO  testcases.CreateNewAccountPageTest -Browser Closed successfully
23:04:395.395 INFO  testcases.MainPageTest -Loading and initializing properties file ....
23:04:418.418 INFO  testcases.CreateNewAccountPageTest -Loading and initializing properties file ....
23:04:530.530 INFO  testcases.MainPageTest -Extent Report has been Loaded...
23:04:111.111 INFO  testcases.MainPageTest -Loading and initializing driver for MainPageTest Class ....
23:04:425.425 INFO  testcases.MainPageTest -Browser Closed successfully
23:04:32.032 INFO  testcases.MainPageTest -Loading and initializing driver for MainPageTest Class ....
23:04:223.223 INFO  testcases.MainPageTest -Browser Closed successfully
23:04:111.111 INFO  testcases.MainPageTest -Loading and initializing driver for MainPageTest Class ....
23:04:50.050 INFO  testcases.MainPageTest -Browser Closed successfully
23:04:54.054 INFO  testcases.LoginPageTest -Extent Report has been Loaded...
23:04:759.759 INFO  testcases.LoginPageTest -Loading and initializing driver for LoginPageTest Class ....
23:04:447.447 INFO  testcases.LoginPageTest -Browser closed Successfully
23:04:281.281 INFO  testcases.LoginPageTest -Loading and initializing driver for LoginPageTest Class ....
23:04:229.229 INFO  testcases.LoginPageTest -Browser closed Successfully
23:04:231.231 INFO  testcases.HomeAccountPageTest -Extent Report has been Loaded...
23:04:33.033 INFO  testcases.HomeAccountPageTest -Loading and initializing driver for HomeAccountPageTest Class ....
23:04:276.276 INFO  testcases.HomeAccountPageTest -Browser Closed Successfully
23:04:278.278 INFO  testcases.CreateNewAccountPageTest -Extent Report has been Loaded...
23:04:666.666 INFO  testcases.CreateNewAccountPageTest -Browser Closed successfully
23:04:559.559 INFO  testcases.MainPageTest -Loading and initializing properties file ....
23:04:785.785 INFO  testcases.MainPageTest -Extent Report has been Loaded...
23:04:983.983 INFO  testcases.MainPageTest -Loading and initializing driver for MainPageTest Class ....
23:04:709.709 INFO  testcases.MainPageTest -Browser Closed successfully
23:04:629.629 INFO  testcases.MainPageTest -Loading and initializing driver for MainPageTest Class ....
23:04:245.245 INFO  testcases.MainPageTest -Browser Closed successfully
23:04:47.047 INFO  testcases.MainPageTest -Loading and initializing driver for MainPageTest Class ....
23:04:208.208 INFO  testcases.MainPageTest -Browser Closed successfully
