22:04:819.819 INFO  testcases.MainPageTest -Loading and initializing properties file ....
22:04:37.037 INFO  testcases.CreateNewAccountPageTest -Loading and initializing properties file ....
22:04:524.524 INFO  testcases.MainPageTest -Extent Report has been Loaded...
22:04:81.081 INFO  testcases.MainPageTest -Loading and initializing properties file ....
22:04:116.116 INFO  testcases.CreateNewAccountPageTest -Loading and initializing properties file ....
22:04:318.318 INFO  testcases.MainPageTest -Extent Report has been Loaded...
22:04:680.680 INFO  testcases.MainPageTest -Loading and initializing driver for MainPageTest Class ....
22:04:238.238 INFO  testcases.MainPageTest -Browser Closed successfully
22:04:294.294 INFO  testcases.MainPageTest -Loading and initializing driver for MainPageTest Class ....
22:04:709.709 INFO  testcases.MainPageTest -Browser Closed successfully
22:04:243.243 INFO  testcases.MainPageTest -Loading and initializing driver for MainPageTest Class ....
22:04:196.196 INFO  testcases.MainPageTest -Browser Closed successfully
22:04:198.198 INFO  testcases.LoginPageTest -Extent Report has been Loaded...
22:04:356.356 INFO  testcases.LoginPageTest -Loading and initializing driver for LoginPageTest Class ....
22:04:445.445 INFO  testcases.LoginPageTest -Browser closed Successfully
22:04:354.354 INFO  testcases.LoginPageTest -Loading and initializing driver for LoginPageTest Class ....
22:04:913.913 INFO  testcases.LoginPageTest -Browser closed Successfully
22:04:914.914 INFO  testcases.HomeAccountPageTest -Extent Report has been Loaded...
22:04:115.115 INFO  testcases.HomeAccountPageTest -Loading and initializing driver for HomeAccountPageTest Class ....
22:04:548.548 INFO  testcases.HomeAccountPageTest -Browser Closed Successfully
22:04:549.549 INFO  testcases.CreateNewAccountPageTest -Extent Report has been Loaded...
22:04:728.728 INFO  testcases.CreateNewAccountPageTest -Browser Closed successfully
